2025-05-07 14:29:06,124 - INFO - [31m[1mWARNING: This is a development server. Do not use it in a production deployment. Use a production WSGI server instead.[0m
 * Running on http://127.0.0.1:5000
2025-05-07 14:29:06,124 - INFO - [33mPress CTRL+C to quit[0m
2025-05-07 14:29:06,125 - INFO -  * Restarting with stat
2025-05-07 14:29:06,796 - WARNING -  * Debugger is active!
2025-05-07 14:29:06,799 - INFO -  * Debugger PIN: 119-727-939
2025-05-07 14:29:07,980 - INFO - 127.0.0.1 - - [07/May/2025 14:29:07] "GET /dashboard HTTP/1.1" 200 -
2025-05-07 14:29:12,584 - INFO - 127.0.0.1 - - [07/May/2025 14:29:12] "GET /analytics/html HTTP/1.1" 200 -
2025-05-07 14:29:23,234 - INFO -  * Detected change in 'D:\\CoDe\\waf\\waf\\config.py', reloading
2025-05-07 14:29:23,271 - INFO -  * Restarting with stat
2025-05-07 14:29:23,961 - WARNING -  * Debugger is active!
2025-05-07 14:29:23,964 - INFO -  * Debugger PIN: 119-727-939
2025-05-07 14:29:35,448 - INFO -  * Detected change in 'D:\\CoDe\\waf\\waf\\config.py', reloading
2025-05-07 14:29:35,483 - INFO -  * Restarting with stat
2025-05-07 14:29:36,172 - WARNING -  * Debugger is active!
2025-05-07 14:29:36,174 - INFO -  * Debugger PIN: 119-727-939
2025-05-07 14:30:00,123 - INFO - [31m[1mWARNING: This is a development server. Do not use it in a production deployment. Use a production WSGI server instead.[0m
 * Running on http://127.0.0.1:5000
2025-05-07 14:30:00,123 - INFO - [33mPress CTRL+C to quit[0m
2025-05-07 14:30:00,124 - INFO -  * Restarting with stat
2025-05-07 14:30:00,795 - WARNING -  * Debugger is active!
2025-05-07 14:30:00,798 - INFO -  * Debugger PIN: 119-727-939
